Log file open, 10/02/18 00:43:01
LogWindows: Failed to load 'aqProf.dll' (GetLastError=126)
LogWindows: File 'aqProf.dll' does not exist
LogWindows: Failed to load 'VtuneApi.dll' (GetLastError=126)
LogWindows: File 'VtuneApi.dll' does not exist
LogWindows: Failed to load 'VtuneApi32e.dll' (GetLastError=126)
LogWindows: File 'VtuneApi32e.dll' does not exist
LogPlatformFile: Not using cached read wrapper
LogInit: Display: RandInit(-668709270) SRandInit(-668709270).
LogTaskGraph: Started task graph with 5 named threads and 23 total threads with 3 sets of task threads.
LogStats: Stats thread started at 0.297757
LogD3D11RHI: Aftermath initialized
LogICUInternationalization: Display: ICU TimeZone Detection - Raw Offset: -5:00, Platform Override: ''
LogPluginManager: Mounting plugin Paper2D
LogPluginManager: Mounting plugin LightPropagationVolume
LogPluginManager: Mounting plugin CryptoKeys
LogPluginManager: Mounting plugin FacialAnimation
LogPluginManager: Mounting plugin DatasmithContent
LogPluginManager: Mounting plugin CharacterAI
LogPluginManager: Mounting plugin HTML5Networking
LogPluginManager: Mounting plugin AvfMedia
LogPluginManager: Mounting plugin ImgMedia
LogPluginManager: Mounting plugin LinearTimecode
LogPluginManager: Mounting plugin MediaCompositing
LogPluginManager: Mounting plugin WmfMedia
LogPluginManager: Mounting plugin TcpMessaging
LogPluginManager: Mounting plugin UdpMessaging
LogPluginManager: Mounting plugin ActorSequence
LogPluginManager: Mounting plugin OnlineSubsystem
LogPluginManager: Mounting plugin OnlineSubsystemNull
LogPluginManager: Mounting plugin OnlineSubsystemUtils
LogPluginManager: Mounting plugin AndroidPermission
LogPluginManager: Mounting plugin AppleARKit
LogPluginManager: Mounting plugin ProceduralMeshComponent
LogPluginManager: Mounting plugin LiveLink
LogPluginManager: Mounting plugin ArchVisCharacter
LogPluginManager: Mounting plugin AudioCapture
LogPluginManager: Mounting plugin CableComponent
LogPluginManager: Mounting plugin CustomMeshComponent
LogPluginManager: Mounting plugin ExampleDeviceProfileSelector
LogPluginManager: Mounting plugin ImmediatePhysics
LogPluginManager: Mounting plugin LocationServicesBPLibrary
LogPluginManager: Mounting plugin MobilePatchingUtils
LogPluginManager: Mounting plugin OculusVR
LogPluginManager: Mounting plugin PhysXVehicles
LogPluginManager: Mounting plugin RuntimePhysXCooking
LogPluginManager: Mounting plugin SteamVR
LogPluginManager: Mounting plugin WindowsMoviePlayer
LogStreaming: Display: Took  0.061s to configure plugins.
LogInit: Using libcurl 7.47.1
LogInit:  - built for x86_64-pc-win32
LogInit:  - supports SSL with OpenSSL/1.0.2g
LogInit:  - supports HTTP deflate (compression) using libz 1.2.8
LogInit:  - other features:
LogInit:      CURL_VERSION_SSL
LogInit:      CURL_VERSION_LIBZ
LogInit:      CURL_VERSION_IPV6
LogInit:      CURL_VERSION_ASYNCHDNS
LogInit:      CURL_VERSION_LARGEFILE
LogInit:      CURL_VERSION_IDN
LogInit:  CurlRequestOptions (configurable via config and command line):
LogInit:  - bVerifyPeer = false  - Libcurl will NOT verify peer certificate
LogInit:  - bUseHttpProxy = false  - Libcurl will NOT use HTTP proxy
LogInit:  - bDontReuseConnections = false  - Libcurl will reuse connections
LogInit:  - CertBundlePath = nullptr  - Libcurl will use whatever was configured at build time.
LogInit:  - MaxHostConnections = 16  - Libcurl will limit the number of connections to a host
LogInit:  - LocalHostAddr = Default
LogInit: WinSock: version 1.1 (2.2), MaxSocks=32767, MaxUdp=65467
LogInit: WinSock: I am LAPTOP-TFVFB39V (192.168.2.16:0)
LogInit: Build: ++UE4+Release-4.19-CL-3944462
LogInit: Engine Version: 4.19.0-3944462+++UE4+Release-4.19
LogInit: Compatible Engine Version: 4.19.0-3944462+++UE4+Release-4.19
LogInit: Net CL: 3944462
LogDevObjectVersion: Number of dev versions registered: 18
LogDevObjectVersion:   Dev-Blueprints (B0D832E4-1F89-4F0D-ACCF-7EB736FD4AA2): 10
LogDevObjectVersion:   Dev-Build (E1C64328-A22C-4D53-A36C-8E866417BD8C): 0
LogDevObjectVersion:   Dev-Core (375EC13C-06E4-48FB-B500-84F0262A717E): 2
LogDevObjectVersion:   Dev-Editor (E4B068ED-F494-42E9-A231-DA0B2E46BB41): 23
LogDevObjectVersion:   Dev-Framework (CFFC743F-43B0-4480-9391-14DF171D2073): 33
LogDevObjectVersion:   Dev-Mobile (B02B49B5-BB20-44E9-A304-32B752E40360): 2
LogDevObjectVersion:   Dev-Networking (A4E4105C-59A1-49B5-A7C5-40C4547EDFEE): 0
LogDevObjectVersion:   Dev-Online (39C831C9-5AE6-47DC-9A44-9C173E1C8E7C): 0
LogDevObjectVersion:   Dev-Physics (78F01B33-EBEA-4F98-B9B4-84EACCB95AA2): 0
LogDevObjectVersion:   Dev-Platform (6631380F-2D4D-43E0-8009-CF276956A95A): 0
LogDevObjectVersion:   Dev-Rendering (12F88B9F-8875-4AFC-A67C-D90C383ABD29): 25
LogDevObjectVersion:   Dev-Sequencer (7B5AE74C-D270-4C10-A958-57980B212A5A): 6
LogDevObjectVersion:   Dev-VR (D7296918-1DD6-4BDD-9DE2-64A83CC13884): 1
LogDevObjectVersion:   Dev-LoadTimes (C2A15278-BFE7-4AFE-6C17-90FF531DF755): 1
LogDevObjectVersion:   Private-Geometry (6EACA3D4-40EC-4CC1-B786-8BED09428FC5): 2
LogDevObjectVersion:   Dev-AnimPhys (29E575DD-E0A3-4627-9D10-D276232CDCEA): 16
LogDevObjectVersion:   Dev-ReflectionCapture (6B266CEC-1EC7-4B8F-A30B-E4D90942FC07): 1
LogDevObjectVersion:   Dev-Automation (0DF73D61-A23F-47EA-B727-89E90C41499A): 1
LogInit: Compiled (64-bit): Mar 13 2018 23:16:08
LogInit: Compiled with Visual C++: 19.00.24215.01
LogInit: Build Configuration: Development
LogInit: Branch Name: ++UE4+Release-4.19
LogInit: Command Line:  
LogInit: Base Directory: C:/Users/aliel/Perforce/aelhage_LAPTOP-TFVFB39V_6701/COMP521_A1/Builds/WindowsNoEditor/COMP521_A1/Binaries/Win64/
LogInit: Installed Engine Build: 0
LogStreaming: Display: Took  0.002s to delete old logs.
LogInit: Presizing for max 2097152 objects, including 0 objects not considered by GC, pre-allocating 0 bytes for permanent pool.
LogStreaming: Display: Async Loading initialized: Event Driven Loader: true, Async Loading Thread: false
LogInit: Object subsystem initialized
[2018.10.02-04.43.01:975][  0]LogInit: Selected Device Profile: [WindowsNoEditor]
[2018.10.02-04.43.01:975][  0]LogInit: Applying CVar settings loaded from the selected device profile: [WindowsNoEditor]
[2018.10.02-04.43.01:985][  0]LogInit: Computer: LAPTOP-TFVFB39V
[2018.10.02-04.43.01:985][  0]LogInit: User: aliel
[2018.10.02-04.43.01:985][  0]LogInit: CPU Page size=4096, Cores=4
[2018.10.02-04.43.01:985][  0]LogInit: High frequency timer resolution =2.531251 MHz
[2018.10.02-04.43.01:986][  0]LogMemory: Memory total: Physical=7.9GB (8GB approx)
[2018.10.02-04.43.01:986][  0]LogMemory: Platform Memory Stats for WindowsNoEditor
[2018.10.02-04.43.01:986][  0]LogMemory: Process Physical Memory: 95.79 MB used, 95.79 MB peak
[2018.10.02-04.43.01:986][  0]LogMemory: Process Virtual Memory: 107.45 MB used, 107.45 MB peak
[2018.10.02-04.43.01:986][  0]LogMemory: Physical Memory: 5527.18 MB used,  2578.61 MB free, 8105.78 MB total
[2018.10.02-04.43.01:986][  0]LogMemory: Virtual Memory: 4475.09 MB used,  2578.61 MB free, 134217728.00 MB total
[2018.10.02-04.43.02:015][  0]LogInit: Using OS detected language (en-US).
[2018.10.02-04.43.02:015][  0]LogInit: Using OS detected locale (en-CA).
[2018.10.02-04.43.02:016][  0]LogTextLocalizationManager: No localization for 'en-US' exists, so 'en' will be used for the language.
[2018.10.02-04.43.02:016][  0]LogTextLocalizationManager: No localization for 'en-CA' exists, so 'en' will be used for the locale.
[2018.10.02-04.43.02:068][  0]LogStreaming: Display: Took  0.053s to EndInitTextLocalization.
[2018.10.02-04.43.02:106][  0]LogSlate: New Slate User Created.  User Index 0, Is Virtual User: 0
[2018.10.02-04.43.02:106][  0]LogSlate: Slate User Registered.  User Index 0, Is Virtual User: 0
[2018.10.02-04.43.02:119][  0]LogD3D11RHI: D3D11 adapters:
[2018.10.02-04.43.02:156][  0]LogD3D11RHI:    0. 'NVIDIA GeForce GTX 960M' (Feature Level 11_0)
[2018.10.02-04.43.02:156][  0]LogD3D11RHI:       4064/0/4052 MB DedicatedVideo/DedicatedSystem/SharedSystem, Outputs:1, VendorId:0x10de
[2018.10.02-04.43.02:168][  0]LogD3D11RHI:    1. 'Intel(R) HD Graphics 530' (Feature Level 11_0)
[2018.10.02-04.43.02:168][  0]LogD3D11RHI:       128/0/4052 MB DedicatedVideo/DedicatedSystem/SharedSystem, Outputs:0, VendorId:0x8086
[2018.10.02-04.43.02:171][  0]LogD3D11RHI:    2. 'Microsoft Basic Render Driver' (Feature Level 11_0)
[2018.10.02-04.43.02:171][  0]LogD3D11RHI:       0/0/4052 MB DedicatedVideo/DedicatedSystem/SharedSystem, Outputs:0, VendorId:0x1414
[2018.10.02-04.43.02:171][  0]LogD3D11RHI: Chosen D3D11 Adapter: 0
[2018.10.02-04.43.02:185][  0]LogD3D11RHI: Creating new Direct3DDevice
[2018.10.02-04.43.02:186][  0]LogD3D11RHI:     GPU DeviceId: 0x139b (for the marketing name, search the web for "GPU Device Id")
[2018.10.02-04.43.02:186][  0]LogWindows: EnumDisplayDevices:
[2018.10.02-04.43.02:186][  0]LogWindows:    0. 'Intel(R) HD Graphics 530' (P:1 D:1)
[2018.10.02-04.43.02:186][  0]LogWindows:    1. 'Intel(R) HD Graphics 530' (P:0 D:0)
[2018.10.02-04.43.02:186][  0]LogWindows:    2. 'Intel(R) HD Graphics 530' (P:0 D:0)
[2018.10.02-04.43.02:187][  0]LogWindows: DebugString: GetVideoDriverDetailsInvalid PrimaryIsNotTheChoosenAdapter GetVideoDriverDetailsInvalid PrimaryIsNotTheChoosenAdapter GetVideoDriverDetailsInvalid PrimaryIsNotTheChoosenAdapter FoundDriverCount:0 
[2018.10.02-04.43.02:187][  0]LogD3D11RHI:     Adapter Name: NVIDIA GeForce GTX 960M
[2018.10.02-04.43.02:187][  0]LogD3D11RHI:   Driver Version: Unknown (internal:Unknown, unified:Unknown)
[2018.10.02-04.43.02:187][  0]LogD3D11RHI:      Driver Date: Unknown
[2018.10.02-04.43.02:187][  0]LogRHI: Texture pool is 2845 MB (70% of 4064 MB)
[2018.10.02-04.43.02:210][  0]LogD3D11RHI: [Aftermath] Aftermath enabled but failed to initialize
[2018.10.02-04.43.02:210][  0]LogD3D11RHI: Async texture creation enabled
[2018.10.02-04.43.02:224][  0]LogD3D11RHI: GPU Timing Frequency: 1000.000000 (Debug: 2 1)
[2018.10.02-04.43.02:241][  0]LogMaterial: Verifying Global Shaders for PCD3D_SM5
[2018.10.02-04.43.02:243][  0]LogSlate: Using Freetype 2.6.0
[2018.10.02-04.43.02:244][  0]LogSlate: SlateFontCache - WITH_FREETYPE: 1, WITH_HARFBUZZ: 1
[2018.10.02-04.43.02:244][  0]LogSlate: SlateFontCache - WITH_FREETYPE: 1, WITH_HARFBUZZ: 1
[2018.10.02-04.43.02:335][  0]LogAssetRegistry: FAssetRegistry took 0.0197 seconds to start up
[2018.10.02-04.43.02:513][  0]LogPackageLocalizationCache: Processed 9 localized package path(s) for 1 prioritized culture(s) in 0.006532 seconds
[2018.10.02-04.43.02:513][  0]LogPakFile: New pak file ../../../COMP521_A1/Content/Paks/COMP521_A1-WindowsNoEditor.pak added to pak precacher.
[2018.10.02-04.43.02:519][  0]LogInit: Selected Device Profile: [WindowsNoEditor]
[2018.10.02-04.43.02:585][  0]LogNetVersion: COMP521_A1 , NetCL: 3944462, EngineNetVer: 2, GameNetVer: 0 (Checksum: 3865462970)
[2018.10.02-04.43.02:617][  0]LogTemp: Character Initialization
[2018.10.02-04.43.02:617][  0]LogTemp: Movement Component Exists
[2018.10.02-04.43.02:800][  0]LogMoviePlayer: Initializing movie player
[2018.10.02-04.43.02:985][  0]LogAndroidPermission: UAndroidPermissionCallbackProxy::GetInstance
[2018.10.02-04.43.02:985][  0]LogOcInput: OculusInput pre-init called
[2018.10.02-04.43.02:990][  0]LogUObjectArray: 32277 objects as part of root set at end of initial load.
[2018.10.02-04.43.02:990][  0]LogUObjectAllocator: 5985264 out of 0 bytes used by permanent object pool.
[2018.10.02-04.43.02:990][  0]LogUObjectArray: CloseDisregardForGC: 0/0 objects in disregard for GC pool
[2018.10.02-04.43.03:001][  0]LogEngine: Initializing Engine...
[2018.10.02-04.43.03:001][  0]LogHMD: Failed to initialize OpenVR with code 110
[2018.10.02-04.43.03:014][  0]LogStats: UGameplayTagsManager::ConstructGameplayTagTree: Construct from data asset -  0.000 s
[2018.10.02-04.43.03:014][  0]LogStats: UGameplayTagsManager::ConstructGameplayTagTree: GameplayTagTreeChangedEvent.Broadcast -  0.000 s
[2018.10.02-04.43.03:170][  0]LogInit: XAudio2 using 'Speakers (Realtek High Definition Audio(SST))' : 2 channels at 48 kHz using 32 bits per sample (channel mask 0x3)
[2018.10.02-04.43.03:190][  0]LogInit: FAudioDevice initialized.
[2018.10.02-04.43.03:205][  0]LogInit: Texture streaming: Enabled
[2018.10.02-04.43.03:213][  0]LogInit: Display: Game Engine Initialized.
[2018.10.02-04.43.03:213][  0]LogGameplayTags: Display: UGameplayTagsManager::DoneAddingNativeTags. DelegateIsBound: 0
[2018.10.02-04.43.03:213][  0]LogStats: UGameplayTagsManager::ConstructGameplayTagTree: Construct from data asset -  0.000 s
[2018.10.02-04.43.03:213][  0]LogStats: UGameplayTagsManager::ConstructGameplayTagTree: GameplayTagTreeChangedEvent.Broadcast -  0.000 s
[2018.10.02-04.43.03:226][  0]LogInit: Display: Starting Game.
[2018.10.02-04.43.03:226][  0]LogNet: Browse: /Game/Levels/MazeLevel?Name=Player
[2018.10.02-04.43.03:226][  0]LogLoad: LoadMap: /Game/Levels/MazeLevel?Name=Player
[2018.10.02-04.43.03:287][  0]LogAIModule: Creating AISystem for world MazeLevel
[2018.10.02-04.43.03:287][  0]LogLoad: Game class is 'FirstPersonGameMode_C'
[2018.10.02-04.43.03:292][  0]LogWorld: Bringing World /Game/Levels/MazeLevel.MazeLevel up for play (max tick rate 0) at 2018.10.02-00.43.03
[2018.10.02-04.43.03:292][  0]LogWorld: Bringing up level for play took: 0.003389
[2018.10.02-04.43.03:294][  0]LogTemp: Character Initialization
[2018.10.02-04.43.03:294][  0]LogTemp: Movement Component Exists
[2018.10.02-04.43.03:296][  0]LogEngine: Onscreen warnings/messages are now DISABLED
[2018.10.02-04.43.03:296][  0]LogLoad: Took 0.069429 seconds to LoadMap(/Game/Levels/MazeLevel)
[2018.10.02-04.43.03:325][  0]LogLoad: (Engine Initialization) Total time: 2.03 seconds
[2018.10.02-04.43.03:392][  0]LogRenderer: Reallocating scene render targets to support 1280x720 Format 10 NumSamples 1 (Frame:1).
[2018.10.02-04.43.03:447][  0]LogContentStreaming: Texture pool size now 1000 MB
[2018.10.02-04.43.20:063][966]LogUMG: Display: Widget Class WinConditionWidget_C - Loaded Fast Template.
[2018.10.02-04.43.20:069][966]LogSlate: Took 0.000784 seconds to synchronously load lazily loaded font '../../../Engine/Content/EngineFonts/Faces/RobotoBold.ufont' (160K)
[2018.10.02-04.43.24:709][254]LogSlate: Took 0.000173 seconds to synchronously load lazily loaded font '../../../Engine/Content/EngineFonts/Faces/RobotoRegular.ufont' (155K)
[2018.10.02-04.43.28:657][467]Closing by request
[2018.10.02-04.43.28:657][467]LogWindows: FPlatformMisc::RequestExit(0)
[2018.10.02-04.43.28:657][467]LogSlate: FSceneViewport::OnFocusLost() reason 2
[2018.10.02-04.43.29:018][468]LogSlate: Request Window 'COMP521_A1 (64-bit, PCD3D_SM5) ' being destroyed
[2018.10.02-04.43.29:129][468]LogSlate: Window 'COMP521_A1 (64-bit, PCD3D_SM5) ' being destroyed
[2018.10.02-04.43.29:203][468]LogWindowsTextInputMethodSystem: Display: IME system now deactivated.
[2018.10.02-04.43.29:282][468]LogSlate: Slate User Destroyed.  User Index 0, Is Virtual User: 0
[2018.10.02-04.43.29:283][468]LogExit: Preparing to exit.
[2018.10.02-04.43.29:283][468]LogMoviePlayer: Shutting down movie player
[2018.10.02-04.43.29:300][468]LogExit: Game engine shut down
[2018.10.02-04.43.29:341][468]LogExit: Object subsystem successfully closed.
[2018.10.02-04.43.29:393][468]LogD3D11RHI: Shutdown
[2018.10.02-04.43.29:393][468]LogD3D11RHI: CleanupD3DDevice
[2018.10.02-04.43.29:421][468]LogD3D11RHI: ~FD3D11DynamicRHI
[2018.10.02-04.43.29:421][468]LogModuleManager: Shutting down and abandoning module AutomationController (178)
[2018.10.02-04.43.29:422][468]LogModuleManager: Shutting down and abandoning module AutomationWorker (176)
[2018.10.02-04.43.29:422][468]LogModuleManager: Shutting down and abandoning module AIModule (174)
[2018.10.02-04.43.29:422][468]LogModuleManager: Shutting down and abandoning module GameplayDebugger (173)
[2018.10.02-04.43.29:422][468]LogModuleManager: Shutting down and abandoning module WmfMediaFactory (170)
[2018.10.02-04.43.29:422][468]LogModuleManager: Shutting down and abandoning module OpenExrWrapper (168)
[2018.10.02-04.43.29:422][468]LogModuleManager: Shutting down and abandoning module ImgMediaFactory (166)
[2018.10.02-04.43.29:422][468]LogModuleManager: Shutting down and abandoning module AvfMediaFactory (164)
[2018.10.02-04.43.29:422][468]LogModuleManager: Shutting down and abandoning module CharacterAI (162)
[2018.10.02-04.43.29:422][468]LogModuleManager: Shutting down and abandoning module SessionServices (160)
[2018.10.02-04.43.29:422][468]LogModuleManager: Shutting down and abandoning module MovieSceneTracks (158)
[2018.10.02-04.43.29:422][468]LogModuleManager: Shutting down and abandoning module MovieScene (156)
[2018.10.02-04.43.29:422][468]LogModuleManager: Shutting down and abandoning module GeometryCache (154)
[2018.10.02-04.43.29:422][468]LogModuleManager: Shutting down and abandoning module StreamingPauseRendering (152)
[2018.10.02-04.43.29:422][468]LogModuleManager: Shutting down and abandoning module AnalyticsET (150)
[2018.10.02-04.43.29:422][468]LogModuleManager: Shutting down and abandoning module ProfilerService (148)
[2018.10.02-04.43.29:552][468]LogModuleManager: Shutting down and abandoning module TaskGraph (146)
[2018.10.02-04.43.29:552][468]LogModuleManager: Shutting down and abandoning module SteamVRController (144)
[2018.10.02-04.43.29:552][468]LogModuleManager: Shutting down and abandoning module OculusInput (142)
[2018.10.02-04.43.29:552][468]LogModuleManager: Shutting down and abandoning module MobilePatchingUtils (140)
[2018.10.02-04.43.29:552][468]LogModuleManager: Shutting down and abandoning module CustomMeshComponent (138)
[2018.10.02-04.43.29:552][468]LogModuleManager: Shutting down and abandoning module CableComponent (136)
[2018.10.02-04.43.29:552][468]LogModuleManager: Shutting down and abandoning module AudioCapture (134)
[2018.10.02-04.43.29:552][468]LogModuleManager: Shutting down and abandoning module ArchVisCharacter (132)
[2018.10.02-04.43.29:552][468]LogModuleManager: Shutting down and abandoning module ProceduralMeshComponent (130)
[2018.10.02-04.43.29:552][468]LogModuleManager: Shutting down and abandoning module AndroidPermission (128)
[2018.10.02-04.43.29:552][468]LogModuleManager: Shutting down and abandoning module MediaCompositing (124)
[2018.10.02-04.43.29:552][468]LogModuleManager: Shutting down and abandoning module LinearTimecode (122)
[2018.10.02-04.43.29:552][468]LogModuleManager: Shutting down and abandoning module ImgMedia (120)
[2018.10.02-04.43.29:573][468]LogModuleManager: Shutting down and abandoning module HTML5Networking (118)
[2018.10.02-04.43.29:573][468]LogModuleManager: Shutting down and abandoning module DatasmithContent (116)
[2018.10.02-04.43.29:573][468]LogModuleManager: Shutting down and abandoning module COMP521_A1 (114)
[2018.10.02-04.43.29:573][468]LogModuleManager: Shutting down and abandoning module RuntimePhysXCooking (112)
[2018.10.02-04.43.29:573][468]LogModuleManager: Shutting down and abandoning module PhysXVehicles (110)
[2018.10.02-04.43.29:573][468]LogModuleManager: Shutting down and abandoning module LocationServicesBPLibrary (108)
[2018.10.02-04.43.29:573][468]LogModuleManager: Shutting down and abandoning module ImmediatePhysics (106)
[2018.10.02-04.43.29:573][468]LogModuleManager: Shutting down and abandoning module LiveLink (104)
[2018.10.02-04.43.29:905][468]LogModuleManager: Shutting down and abandoning module ActorSequence (102)
[2018.10.02-04.43.29:905][468]LogModuleManager: Shutting down and abandoning module UdpMessaging (100)
[2018.10.02-04.43.29:905][468]LogModuleManager: Shutting down and abandoning module TcpMessaging (98)
[2018.10.02-04.43.29:905][468]LogModuleManager: Shutting down and abandoning module FacialAnimation (96)
[2018.10.02-04.43.29:912][468]LogModuleManager: Shutting down and abandoning module LightPropagationVolumeRuntime (94)
[2018.10.02-04.43.29:912][468]LogModuleManager: Shutting down and abandoning module Paper2D (92)
[2018.10.02-04.43.29:912][468]LogModuleManager: Shutting down and abandoning module WindowsMoviePlayer (90)
[2018.10.02-04.43.29:912][468]LogModuleManager: Shutting down and abandoning module WmfMedia (88)
[2018.10.02-04.43.29:929][468]LogModuleManager: Shutting down and abandoning module PacketHandler (86)
[2018.10.02-04.43.29:929][468]LogModuleManager: Shutting down and abandoning module ClothingSystemRuntime (84)
[2018.10.02-04.43.29:929][468]LogModuleManager: Shutting down and abandoning module MediaAssets (82)
[2018.10.02-04.43.29:929][468]LogModuleManager: Shutting down and abandoning module Overlay (80)
[2018.10.02-04.43.29:929][468]LogModuleManager: Shutting down and abandoning module UMG (78)
[2018.10.02-04.43.29:929][468]LogModuleManager: Shutting down and abandoning module SlateReflector (76)
[2018.10.02-04.43.29:929][468]LogModuleManager: Shutting down and abandoning module Slate (74)
[2018.10.02-04.43.29:929][468]LogModuleManager: Shutting down and abandoning module MRMesh (72)
[2018.10.02-04.43.29:929][468]LogModuleManager: Shutting down and abandoning module Messaging (70)
[2018.10.02-04.43.29:929][468]LogModuleManager: Shutting down and abandoning module HeadMountedDisplay (68)
[2018.10.02-04.43.29:929][468]LogModuleManager: Shutting down and abandoning module XAudio2 (66)
[2018.10.02-04.43.29:929][468]LogModuleManager: Shutting down and abandoning module Networking (64)
[2018.10.02-04.43.29:929][468]LogModuleManager: Shutting down and abandoning module Core (62)
[2018.10.02-04.43.29:929][468]LogModuleManager: Shutting down and abandoning module LevelSequence (60)
[2018.10.02-04.43.29:929][468]LogModuleManager: Shutting down and abandoning module Media (58)
[2018.10.02-04.43.29:937][468]LogModuleManager: Shutting down and abandoning module ImageWrapper (54)
[2018.10.02-04.43.29:937][468]LogModuleManager: Shutting down and abandoning module InputCore (52)
[2018.10.02-04.43.29:937][468]LogModuleManager: Shutting down and abandoning module PhysXCooking (50)
[2018.10.02-04.43.29:937][468]LogModuleManager: Shutting down and abandoning module SteamVR (48)
[2018.10.02-04.43.29:937][468]LogModuleManager: Shutting down and abandoning module OculusHMD (46)
[2018.10.02-04.43.29:938][468]LogModuleManager: Shutting down and abandoning module ExampleDeviceProfileSelector (44)
[2018.10.02-04.43.29:938][468]LogModuleManager: Shutting down and abandoning module AppleARKit (42)
[2018.10.02-04.43.29:938][468]LogModuleManager: Shutting down and abandoning module AugmentedReality (39)
[2018.10.02-04.43.29:938][468]LogModuleManager: Shutting down and abandoning module OnlineSubsystem (34)
[2018.10.02-04.43.29:938][468]LogModuleManager: Shutting down and abandoning module HTTP (33)
[2018.10.02-04.43.29:938][468]LogHttp: Display: Http module shutting down, but needs to wait on 1 outstanding Http requests:
[2018.10.02-04.43.29:938][468]LogHttp: Display: 	verb=[POST] url=[https://datarouter.ol.epicgames.com/datarouter/api/v1/public/data?SessionID=%7BF5F968FF-41B5-B73C-CDB4-54BDABDC71D6%7D&AppID=UEGame.Rocket.Release%7C1254B6EF4354EE34F1699CBE5EA5633E%7CUE4Game&AppVersion=4.19.0-3944462%2B%2B%2BUE4%2BRelease-4.19&UserID=ANON-%7B17BFC34F-4D48-17CB-210C-61AAC09520C2%7D%7C%7C&AppEnvironment=datacollector-binary&UploadType=eteventstream] status=Processing
[2018.10.02-04.43.29:938][468]LogHttp: Display: Sleeping 0.5s to wait for 1 outstanding Http requests.
[2018.10.02-04.43.30:461][468]LogModuleManager: Shutting down and abandoning module SSL (32)
[2018.10.02-04.43.30:461][468]LogModuleManager: Shutting down and abandoning module ShaderCore (28)
[2018.10.02-04.43.30:461][468]LogModuleManager: Shutting down and abandoning module Landscape (26)
[2018.10.02-04.43.30:461][468]LogModuleManager: Shutting down and abandoning module SlateRHIRenderer (24)
[2018.10.02-04.43.30:462][468]LogModuleManager: Shutting down and abandoning module OpenGLDrv (22)
[2018.10.02-04.43.30:462][468]LogModuleManager: Shutting down and abandoning module D3D11RHI (20)
[2018.10.02-04.43.30:462][468]LogModuleManager: Shutting down and abandoning module AnimGraphRuntime (18)
[2018.10.02-04.43.30:462][468]LogModuleManager: Shutting down and abandoning module Renderer (16)
[2018.10.02-04.43.30:462][468]LogModuleManager: Shutting down and abandoning module Engine (14)
[2018.10.02-04.43.30:462][468]LogModuleManager: Shutting down and abandoning module CoreUObject (12)
[2018.10.02-04.43.30:462][468]LogModuleManager: Shutting down and abandoning module NetworkFile (10)
[2018.10.02-04.43.30:462][468]LogModuleManager: Shutting down and abandoning module CookedIterativeFile (8)
[2018.10.02-04.43.30:462][468]LogModuleManager: Shutting down and abandoning module StreamingFile (6)
[2018.10.02-04.43.30:462][468]LogModuleManager: Shutting down and abandoning module SandboxFile (4)
[2018.10.02-04.43.30:462][468]LogModuleManager: Shutting down and abandoning module PakFile (2)
[2018.10.02-04.43.30:465][468]LogExit: Exiting.
[2018.10.02-04.43.30:466][468]Log file closed, 10/02/18 00:43:30
